2022-05-16 10:25:41 [restartedMain] INFO  c.b.bookstore.BookstoreApplication - Starting BookstoreApplication using Java 16.0.2 on ashishyadav03 with PID 10408 (C:\Users\ashishyadav03\Downloads\bookstore\target\classes started by ashishyadav03 in C:\Users\ashishyadav03\Downloads\bookstore)
2022-05-16 10:25:41 [restartedMain] DEBUG c.b.bookstore.BookstoreApplication - Running with Spring Boot v2.6.7, Spring v5.3.19
2022-05-16 10:25:41 [restartedMain] INFO  c.b.bookstore.BookstoreApplication - No active profile set, falling back to 1 default profile: "default"
2022-05-16 10:26:08 [restartedMain] INFO  c.b.bookstore.BookstoreApplication - Starting BookstoreApplication using Java 16.0.2 on ashishyadav03 with PID 15624 (C:\Users\ashishyadav03\Downloads\bookstore\target\classes started by ashishyadav03 in C:\Users\ashishyadav03\Downloads\bookstore)
2022-05-16 10:26:09 [restartedMain] DEBUG c.b.bookstore.BookstoreApplication - Running with Spring Boot v2.6.7, Spring v5.3.19
2022-05-16 10:26:09 [restartedMain] INFO  c.b.bookstore.BookstoreApplication - No active profile set, falling back to 1 default profile: "default"
2022-05-16 10:26:15 [restartedMain] INFO  c.b.bookstore.BookstoreApplication - Started BookstoreApplication in 6.579 seconds (JVM running for 7.176)
2022-05-16 10:26:29 [http-nio-2222-exec-2] INFO  c.b.b.controller.BookController - media coverage info
2022-05-16 10:26:32 [http-nio-2222-exec-2] INFO  c.b.b.controller.BookController - Data Found
2022-05-16 10:26:45 [http-nio-2222-exec-3] INFO  c.b.b.controller.BookController - media coverage info
2022-05-16 10:26:46 [http-nio-2222-exec-3] ERROR c.b.b.controller.BookController - Data Not Present Or Invalid Input
2022-05-16 10:26:58 [http-nio-2222-exec-4] INFO  c.b.b.controller.BookController - media coverage info
2022-05-16 10:26:59 [http-nio-2222-exec-4] INFO  c.b.b.controller.BookController - Data Found
2022-05-16 11:27:13 [restartedMain] INFO  c.b.bookstore.BookstoreApplication - Starting BookstoreApplication using Java 16.0.2 on ashishyadav03 with PID 15624 (C:\Users\ashishyadav03\Downloads\bookstore\target\classes started by ashishyadav03 in C:\Users\ashishyadav03\Downloads\bookstore)
2022-05-16 11:27:13 [restartedMain] DEBUG c.b.bookstore.BookstoreApplication - Running with Spring Boot v2.6.7, Spring v5.3.19
2022-05-16 11:27:13 [restartedMain] INFO  c.b.bookstore.BookstoreApplication - No active profile set, falling back to 1 default profile: "default"
2022-05-16 11:27:14 [restartedMain] INFO  c.b.bookstore.BookstoreApplication - Started BookstoreApplication in 0.784 seconds (JVM running for 3665.967)
2022-05-16 11:29:39 [restartedMain] INFO  c.b.bookstore.BookstoreApplication - Starting BookstoreApplication using Java 16.0.2 on ashishyadav03 with PID 15624 (C:\Users\ashishyadav03\Downloads\bookstore\target\classes started by ashishyadav03 in C:\Users\ashishyadav03\Downloads\bookstore)
2022-05-16 11:29:39 [restartedMain] DEBUG c.b.bookstore.BookstoreApplication - Running with Spring Boot v2.6.7, Spring v5.3.19
2022-05-16 11:29:39 [restartedMain] INFO  c.b.bookstore.BookstoreApplication - No active profile set, falling back to 1 default profile: "default"
2022-05-16 11:29:40 [restartedMain] INFO  c.b.bookstore.BookstoreApplication - Started BookstoreApplication in 0.591 seconds (JVM running for 3812.16)
2022-05-16 11:29:47 [restartedMain] INFO  c.b.bookstore.BookstoreApplication - Starting BookstoreApplication using Java 16.0.2 on ashishyadav03 with PID 15624 (C:\Users\ashishyadav03\Downloads\bookstore\target\classes started by ashishyadav03 in C:\Users\ashishyadav03\Downloads\bookstore)
2022-05-16 11:29:47 [restartedMain] DEBUG c.b.bookstore.BookstoreApplication - Running with Spring Boot v2.6.7, Spring v5.3.19
2022-05-16 11:29:47 [restartedMain] INFO  c.b.bookstore.BookstoreApplication - No active profile set, falling back to 1 default profile: "default"
2022-05-16 11:29:48 [restartedMain] INFO  c.b.bookstore.BookstoreApplication - Started BookstoreApplication in 0.926 seconds (JVM running for 3820.738)
2022-05-16 11:30:23 [restartedMain] INFO  c.b.bookstore.BookstoreApplication - Starting BookstoreApplication using Java 16.0.2 on ashishyadav03 with PID 15624 (C:\Users\ashishyadav03\Downloads\bookstore\target\classes started by ashishyadav03 in C:\Users\ashishyadav03\Downloads\bookstore)
2022-05-16 11:30:23 [restartedMain] DEBUG c.b.bookstore.BookstoreApplication - Running with Spring Boot v2.6.7, Spring v5.3.19
2022-05-16 11:30:23 [restartedMain] INFO  c.b.bookstore.BookstoreApplication - No active profile set, falling back to 1 default profile: "default"
2022-05-16 11:30:27 [restartedMain] INFO  c.b.bookstore.BookstoreApplication - Started BookstoreApplication in 4.132 seconds (JVM running for 3859.511)
2022-05-16 11:30:57 [restartedMain] INFO  c.b.bookstore.BookstoreApplication - Starting BookstoreApplication using Java 16.0.2 on ashishyadav03 with PID 15624 (C:\Users\ashishyadav03\Downloads\bookstore\target\classes started by ashishyadav03 in C:\Users\ashishyadav03\Downloads\bookstore)
2022-05-16 11:30:57 [restartedMain] DEBUG c.b.bookstore.BookstoreApplication - Running with Spring Boot v2.6.7, Spring v5.3.19
2022-05-16 11:30:57 [restartedMain] INFO  c.b.bookstore.BookstoreApplication - No active profile set, falling back to 1 default profile: "default"
2022-05-16 11:30:58 [restartedMain] INFO  c.b.bookstore.BookstoreApplication - Started BookstoreApplication in 0.526 seconds (JVM running for 3890.064)
2022-05-16 11:32:18 [restartedMain] INFO  c.b.bookstore.BookstoreApplication - Starting BookstoreApplication using Java 16.0.2 on ashishyadav03 with PID 15624 (C:\Users\ashishyadav03\Downloads\bookstore\target\classes started by ashishyadav03 in C:\Users\ashishyadav03\Downloads\bookstore)
2022-05-16 11:32:18 [restartedMain] DEBUG c.b.bookstore.BookstoreApplication - Running with Spring Boot v2.6.7, Spring v5.3.19
2022-05-16 11:32:18 [restartedMain] INFO  c.b.bookstore.BookstoreApplication - No active profile set, falling back to 1 default profile: "default"
2022-05-16 11:32:54 [restartedMain] INFO  c.b.bookstore.BookstoreApplication - Starting BookstoreApplication using Java 16.0.2 on ashishyadav03 with PID 15624 (C:\Users\ashishyadav03\Downloads\bookstore\target\classes started by ashishyadav03 in C:\Users\ashishyadav03\Downloads\bookstore)
2022-05-16 11:32:54 [restartedMain] DEBUG c.b.bookstore.BookstoreApplication - Running with Spring Boot v2.6.7, Spring v5.3.19
2022-05-16 11:32:54 [restartedMain] INFO  c.b.bookstore.BookstoreApplication - No active profile set, falling back to 1 default profile: "default"
